2025-06-02 17:17:34,701 - INFO - Using Excel file: /home/joaquin/pac/US Eye Insurance Guide.xlsx
2025-06-02 17:17:35,628 - INFO - Excel sheets available: ['Insurance Directory Overview', 'Vision Plan Matrix', 'Albemarle Eye', 'Carolina Eye', 'Center for Sight', 'Center for Sight-Naples', 'Griffey Eye', 'Kelly Eye', 'Lake Eye ', 'Retina Health Center', 'SW FL Eye', 'Supplemental Plans', 'CVSE-ASC', 'LSC-ASC', 'MEC-ASC', 'PESC-ASC', 'SFSC-ASC']
2025-06-02 17:17:35,628 - INFO - Processing Excel sheets for data extraction...
2025-06-02 17:17:35,628 - INFO - Processing sheet: Center for Sight
2025-06-02 17:17:35,873 - INFO - Headers in sheet 'Center for Sight': ['Insurance Plan Name', 'NextGen Name', 'Referral and/or Auth Required?', 'Is this plan only accepted at specific practice locations?', 'Tanuj Banker, MD (RETINA)', 'Shannon Bednarz, PA', 'Len Brown, OD', 'Brittany Coyle, OD', 'Elizabeth Davis, MD', 'Joaquin De Rojas, MD', 'John Fezza, MD (Oculoplastics)', 'Daniel Hadland, OD', 'Melissa Hammond, OD', 'Erin Hardie, OD', 'George Hurwitz, OD', 'Joshua Kim, MD', 'Kalie Kosek, PA', 'Todd Lang, OD', 'James Lenhart, OD', 'Lori Long, OD', 'Michael Maloney, OD', 'Priya Mathews, MD', 'Mary Mcvey, OD', 'David Mertzlufft, OD', 'Bradley Middaugh, OD', 'Patrick Nelson, OD', 'Joshua Newman, MD', 'Page Logan, OD', 'Charles Putrino, OD', 'Rachael Randolph, OD', 'Kyle Schaub, OD', 'David Shoemaker, MD', 'William Soscia, MD', 'Joseph Sowka, OD', 'Scott Stevens, OD', 'Maureen Traina, PA', 'Hunter Vittone, OD', 'Lori Vollmer, OD', 'Trisha Werner, OD', 'Callista Wlaschin, OD']
2025-06-02 17:17:35,874 - INFO - Found location-specific column at position 3, doctors start at 4
2025-06-02 17:17:35,874 - INFO - Detected 36 doctor columns in sheet 'Center for Sight': ['Tanuj Banker, MD (RETINA)', 'Shannon Bednarz, PA', 'Len Brown, OD', 'Brittany Coyle, OD', 'Elizabeth Davis, MD', 'Joaquin De Rojas, MD', 'John Fezza, MD (Oculoplastics)', 'Daniel Hadland, OD', 'Melissa Hammond, OD', 'Erin Hardie, OD', 'George Hurwitz, OD', 'Joshua Kim, MD', 'Kalie Kosek, PA', 'Todd Lang, OD', 'James Lenhart, OD', 'Lori Long, OD', 'Michael Maloney, OD', 'Priya Mathews, MD', 'Mary Mcvey, OD', 'David Mertzlufft, OD', 'Bradley Middaugh, OD', 'Patrick Nelson, OD', 'Joshua Newman, MD', 'Page Logan, OD', 'Charles Putrino, OD', 'Rachael Randolph, OD', 'Kyle Schaub, OD', 'David Shoemaker, MD', 'William Soscia, MD', 'Joseph Sowka, OD', 'Scott Stevens, OD', 'Maureen Traina, PA', 'Hunter Vittone, OD', 'Lori Vollmer, OD', 'Trisha Werner, OD', 'Callista Wlaschin, OD']
2025-06-02 17:17:35,876 - INFO - DEBUG: Adding for Joaquin De Rojas, MD with plan Aetna HealthFund- Aetna Health Network Only/ Network Option℠ (Open Access) - Status: PAR
2025-06-02 17:17:35,877 - INFO - DEBUG: Adding for Joaquin De Rojas, MD with plan Aetna Healthfund- Aetna Open Access Aetna Select/ Choice PPO / POS / POS II - Status: PAR
2025-06-02 17:17:35,878 - INFO - DEBUG: Adding for Joaquin De Rojas, MD with plan Aetna Healthfund- Aetna Open Access Elect Choice EPO - Status: PAR
2025-06-02 17:17:35,878 - INFO - DEBUG: Adding for Joaquin De Rojas, MD with plan Aetna Healthfund- Aetna Open Access Managed Choice POS - Status: PAR
2025-06-02 17:17:35,878 - INFO - DEBUG: Adding for Joaquin De Rojas, MD with plan Aetna Innovation - Innovation Health Aetna Select/National Advantage Program (NAP)/Innovataion Health Aetna POS/PPO - Status: PAR
2025-06-02 17:17:35,878 - INFO - DEBUG: Adding for Joaquin De Rojas, MD with plan Aetna Medicare - Advantra - Eagle, Elite, Gold (HMO-POS) - Status: PAR
2025-06-02 17:17:35,878 - INFO - DEBUG: Adding for Joaquin De Rojas, MD with plan Aetna Medicare - Credit Plan (PPO) - Status: PAR
2025-06-02 17:17:35,879 - INFO - DEBUG: Adding for Joaquin De Rojas, MD with plan Aetna Medicare - Credit/Discover/Discover Value Plan/Silver (HMO) - Status: PAR
2025-06-02 17:17:35,879 - INFO - DEBUG: Adding for Joaquin De Rojas, MD with plan Aetna Medicare - Select (HMO) - Status: Non-PAR
2025-06-02 17:17:35,879 - INFO - DEBUG: Adding for Joaquin De Rojas, MD with plan Aetna Medicare - Essential/ Essential Elite/ Essentials PPO - Status: PAR
2025-06-02 17:17:35,879 - INFO - DEBUG: Adding for Joaquin De Rojas, MD with plan Aetna Medicare - Preferred/ Preferred Premium PPO - Status: PAR
2025-06-02 17:17:35,879 - INFO - DEBUG: Adding for Joaquin De Rojas, MD with plan Aetna Medicare- Advantra Credit Value/ Advantra Gold/ Advtantra Silver/ Advantra Preferred/ Advantra Premier/ Advantra Premier Plus/ Advantra Value PPO - Status: PAR
2025-06-02 17:17:35,880 - INFO - DEBUG: Adding for Joaquin De Rojas, MD with plan Aetna Medicare- Bronze/ Gold/ Platinum/ Core/ Core Elite/ Deluxe/ Discover/ Discover Value Plan PPO - Status: PAR
2025-06-02 17:17:35,880 - INFO - DEBUG: Adding for Joaquin De Rojas, MD with plan Aetna Medicare- Dual Choice/ Dual Preferred Plan/ Dual Select Choice/ Dual Select Signature HMO D-SNP - Status: PAR
2025-06-02 17:17:35,880 - INFO - DEBUG: Adding for Joaquin De Rojas, MD with plan Aetna Medicare- Dual Choice/ Dual Preferred Plan/ Dual Select Choice/ Dual Select Signature PPO D-SNP - Status: PAR
2025-06-02 17:17:35,880 - INFO - DEBUG: Adding for Joaquin De Rojas, MD with plan Aetna Medicare- Eagle/ Eagle Giveback/ Eagle I & II/ Eagle Plus PPO - Status: PAR
2025-06-02 17:17:35,880 - INFO - DEBUG: Adding for Joaquin De Rojas, MD with plan Aetna Medicare- Elite/Elite Plan 3 PPO - Status: PAR
2025-06-02 17:17:35,880 - INFO - DEBUG: Adding for Joaquin De Rojas, MD with plan Aetna Medicare- Enhanced Select PPO - Status: PAR
2025-06-02 17:17:35,881 - INFO - DEBUG: Adding for Joaquin De Rojas, MD with plan Aetna Medicare- Explorer/ Explore Premier/ Explore Premier II PPO - Status: PAR
2025-06-02 17:17:35,881 - INFO - DEBUG: Adding for Joaquin De Rojas, MD with plan Aetna Medicare- Freedom/ Freedom Core/ Freedom Plus/ Freedom Preferred PPO - Status: PAR
2025-06-02 17:17:35,881 - INFO - DEBUG: Adding for Joaquin De Rojas, MD with plan Aetna Medicare- Giveback Choice/ Giveback Choice Plus PPO - Status: PAR
2025-06-02 17:17:35,881 - INFO - DEBUG: Adding for Joaquin De Rojas, MD with plan Aetna Medicare- Medicare Choice PPO - Status: PAR
2025-06-02 17:17:35,881 - INFO - DEBUG: Adding for Joaquin De Rojas, MD with plan Aetna Medicare- Premier/ Premier Regional/ Premier 1 & 2/ Premier Plus PPO - Status: PAR
2025-06-02 17:17:35,882 - INFO - DEBUG: Adding for Joaquin De Rojas, MD with plan Aetna Medicare- SmartFit/ SmartFit Plan PPO - Status: PAR
2025-06-02 17:17:35,882 - INFO - DEBUG: Adding for Joaquin De Rojas, MD with plan Aetna Medicare- SmartSaver Elite PPO - Status: PAR
2025-06-02 17:17:35,882 - INFO - DEBUG: Adding for Joaquin De Rojas, MD with plan Aetna Medicare- Value Plan/ Value Advantra/ Value Plus/ Value Plus Signature PPO - Status: PAR
2025-06-02 17:17:35,883 - INFO - DEBUG: Adding for Joaquin De Rojas, MD with plan Aetna Medicare-The Valley Plan PPO - Status: PAR
2025-06-02 17:17:35,884 - INFO - DEBUG: Adding for Joaquin De Rojas, MD with plan Aetna Open Access- Aetna Choice® POS II/ Elect Choice EPO - Status: PAR
2025-06-02 17:17:35,884 - INFO - DEBUG: Adding for Joaquin De Rojas, MD with plan Aetna Open Access- Aetna Health Network Only℠ - Status: PAR
2025-06-02 17:17:35,885 - INFO - DEBUG: Adding for Joaquin De Rojas, MD with plan Aetna Open Access- Aetna Health Network Option℠ - Status: PAR
2025-06-02 17:17:35,885 - INFO - DEBUG: Adding for Joaquin De Rojas, MD with plan Aetna Open Access- Aetna Managed Choice® POS - Status: PAR
2025-06-02 17:17:35,886 - INFO - DEBUG: Adding for Joaquin De Rojas, MD with plan Aetna Open Access- Aetna Select℠ - Status: PAR
2025-06-02 17:17:35,887 - INFO - DEBUG: Adding for Joaquin De Rojas, MD with plan Aetna Premier Care Network Plus- Choice POS II - Status: PAR
2025-06-02 17:17:35,887 - INFO - DEBUG: Adding for Joaquin De Rojas, MD with plan Aetna Premier Care Network Plus- Open Access Aetna Select - Status: PAR
2025-06-02 17:17:35,888 - INFO - DEBUG: Adding for Joaquin De Rojas, MD with plan Aetna Small Group Employer Plan- Aetna Florida Elect Choice Open Access (OAEPO) - Status: PAR
2025-06-02 17:17:35,888 - INFO - DEBUG: Adding for Joaquin De Rojas, MD with plan Aetna Small Group Employer Plan- Aetna Florida Health Network Only (HNOnly) - Status: PAR
2025-06-02 17:17:35,889 - INFO - DEBUG: Adding for Joaquin De Rojas, MD with plan Aetna Standard Plan- Aetna Affordable Health Choices® limited benefits insurance plan (SRC only) - Status: PAR
2025-06-02 17:17:35,889 - INFO - DEBUG: Adding for Joaquin De Rojas, MD with plan Aetna Standard Plan- Aetna HMO/ HMO Gold/ Silver - Status: PAR
2025-06-02 17:17:35,890 - INFO - DEBUG: Adding for Joaquin De Rojas, MD with plan Aetna Standard Plan- Aetna Managed Choice® POS - Status: PAR
2025-06-02 17:17:35,890 - INFO - DEBUG: Adding for Joaquin De Rojas, MD with plan Aetna Standard Plan- Aetna Open Choice® PPO - Status: PAR
2025-06-02 17:17:35,890 - INFO - DEBUG: Adding for Joaquin De Rojas, MD with plan Aetna Standard Plan- Aetna QPOS®/ Select/ Voluntary Plans - Status: PAR
2025-06-02 17:17:35,891 - INFO - DEBUG: Adding for Joaquin De Rojas, MD with plan Aetna Whole Health- Southwest Florida - Open Access Elect Choice/ Southwest Florida Open Access Aetna Select/ Southwest Florida Health Network Only - Status: PAR
2025-06-02 17:17:35,901 - INFO - DEBUG: Adding for Joaquin De Rojas, MD with plan Employee Benefits Management Services (EMBS) with Aetna Network - Status: PAR
2025-06-02 17:17:35,902 - INFO - DEBUG: Adding for Joaquin De Rojas, MD with plan First Health Network (through Aetna and/or PHP Network) PLEASE ASK THE PATIENT FOR THE HEALTH PLAN NAME ON THE CARD AND LOAD THE PLAN INTO NEXTGEN ACCORDING TO THEIR HEALTH PLAN - Status: PAR
2025-06-02 17:17:35,904 - INFO - DEBUG: Adding for Joaquin De Rojas, MD with plan Mailhandlers (Aetna Choice® POS II Network) - Status: PAR
2025-06-02 17:17:35,905 - INFO - DEBUG: Adding for Joaquin De Rojas, MD with plan Meritain Gulf Coast (Aetna Choice POS II Network) - Status: PAR
2025-06-02 17:17:35,914 - INFO - Processed 207 rows in sheet 'Center for Sight'
2025-06-02 17:17:35,914 - INFO - Processing sheet: Center for Sight-Naples
2025-06-02 17:17:36,062 - INFO - Headers in sheet 'Center for Sight-Naples': ['Insurance Plan Name', 'NextGen Name', 'Referral and/or Auth Required?', 'Is this plan only accepted at specific practice locations?', 'Jon Berlie, MD', 'George Brinnig-Jastrzebski, MD', 'Julie Carter, MD', 'Hunter Vittone, OD']
2025-06-02 17:17:36,063 - INFO - Found location-specific column at position 3, doctors start at 4
2025-06-02 17:17:36,063 - INFO - Detected 4 doctor columns in sheet 'Center for Sight-Naples': ['Jon Berlie, MD', 'George Brinnig-Jastrzebski, MD', 'Julie Carter, MD', 'Hunter Vittone, OD']
2025-06-02 17:17:36,076 - INFO - Processed 206 rows in sheet 'Center for Sight-Naples'
2025-06-02 17:17:36,077 - INFO - Processing sheet: Lake Eye 
2025-06-02 17:17:36,178 - INFO - Headers in sheet 'Lake Eye ': ['Insurance Plan Name', 'NextGen Name', 'Referral and/or Auth Required?', 'Christine Bui, OD', 'Vinay Gutti, MD', 'Mari Holderby, OD', 'Scot Holman, MD', 'Diba Ossareh, OD', 'Alexandria Rawls, OD', 'Jose Vazques-Diaz, MD', 'Scott Wehrly, MD']
2025-06-02 17:17:36,179 - INFO - Detected 8 doctor columns in sheet 'Lake Eye ': ['Christine Bui, OD', 'Vinay Gutti, MD', 'Mari Holderby, OD', 'Scot Holman, MD', 'Diba Ossareh, OD', 'Alexandria Rawls, OD', 'Jose Vazques-Diaz, MD', 'Scott Wehrly, MD']
2025-06-02 17:17:36,189 - INFO - Processed 181 rows in sheet 'Lake Eye '
2025-06-02 17:17:36,189 - INFO - Processing sheet: Retina Health Center
2025-06-02 17:17:36,223 - INFO - Headers in sheet 'Retina Health Center': ['Insurance Plan Name', 'NextGen Name', 'Referral and/or Auth Required?', 'Alexander Eaton, MD', 'Veronica Kon Graversen, MD']
2025-06-02 17:17:36,224 - INFO - Detected 2 doctor columns in sheet 'Retina Health Center': ['Alexander Eaton, MD', 'Veronica Kon Graversen, MD']
2025-06-02 17:17:36,234 - INFO - Processed 161 rows in sheet 'Retina Health Center'
2025-06-02 17:17:36,234 - INFO - Processing sheet: SW FL Eye
2025-06-02 17:17:36,278 - INFO - Headers in sheet 'SW FL Eye': ['Insurance Plan Name', 'NextGen Name', 'Referral and/or Auth Required?', 'Is this plan only accepted at specific practice locations?', 'Sarah Johnson, OD', 'Brian Marhue, OD', 'Penny Orr, OD', 'Albert Smolyar, MD', 'Hunter Vittone, OD']
2025-06-02 17:17:36,278 - INFO - Found location-specific column at position 3, doctors start at 4
2025-06-02 17:17:36,278 - INFO - Detected 5 doctor columns in sheet 'SW FL Eye': ['Sarah Johnson, OD', 'Brian Marhue, OD', 'Penny Orr, OD', 'Albert Smolyar, MD', 'Hunter Vittone, OD']
2025-06-02 17:17:36,288 - INFO - Processed 189 rows in sheet 'SW FL Eye'
2025-06-02 17:17:36,289 - INFO - Data extraction complete.
2025-06-02 17:17:36,289 - INFO - Generating Insurance Guide By Provider...
2025-06-02 17:17:36,317 - INFO - Generated Insurance_Guide_By_Provider.md
2025-06-02 17:17:36,318 - INFO - Generating Insurance Guide By Insurance...
2025-06-02 17:17:36,430 - INFO - Generated Insurance_Guide_By_Insurance.md
2025-06-02 17:17:36,430 - INFO - Generating FAQ section...
2025-06-02 17:17:36,452 - INFO - FAQ section appended to both main guide files.
2025-06-02 17:17:36,452 - INFO - Updating SUMMARY.md...
2025-06-02 17:17:36,453 - INFO - SUMMARY.md updated.
2025-06-02 17:17:36,454 - INFO - All guides generated successfully with no detected data issues.
2025-06-03 20:34:49,981 - INFO - Using Excel file: /home/runner/work/PAC/PAC/US Eye Insurance Guide.xlsx
2025-06-03 20:34:50,531 - INFO - Excel sheets available: ['Insurance Directory Overview', 'Vision Plan Matrix', 'Albemarle Eye', 'Carolina Eye', 'Center for Sight', 'Center for Sight-Naples', 'Griffey Eye', 'Kelly Eye', 'Lake Eye ', 'Retina Health Center', 'SW FL Eye', 'Supplemental Plans', 'CVSE-ASC', 'LSC-ASC', 'MEC-ASC', 'PESC-ASC', 'SFSC-ASC']
2025-06-03 20:34:50,531 - INFO - Processing Excel sheets for data extraction...
2025-06-03 20:34:50,531 - INFO - Processing sheet: Center for Sight
2025-06-03 20:34:50,725 - INFO - Headers in sheet 'Center for Sight': ['Insurance Plan Name', 'NextGen Name', 'Referral and/or Auth Required?', 'Is this plan only accepted at specific practice locations?', 'Tanuj Banker, MD (RETINA)', 'Shannon Bednarz, PA', 'Len Brown, OD', 'Brittany Coyle, OD', 'Elizabeth Davis, MD', 'Joaquin De Rojas, MD', 'John Fezza, MD (Oculoplastics)', 'Daniel Hadland, OD', 'Melissa Hammond, OD', 'Erin Hardie, OD', 'George Hurwitz, OD', 'Joshua Kim, MD', 'Kalie Kosek, PA', 'Todd Lang, OD', 'James Lenhart, OD', 'Lori Long, OD', 'Michael Maloney, OD', 'Priya Mathews, MD', 'Mary Mcvey, OD', 'David Mertzlufft, OD', 'Bradley Middaugh, OD', 'Patrick Nelson, OD', 'Joshua Newman, MD', 'Page Logan, OD', 'Charles Putrino, OD', 'Rachael Randolph, OD', 'Kyle Schaub, OD', 'David Shoemaker, MD', 'William Soscia, MD', 'Joseph Sowka, OD', 'Scott Stevens, OD', 'Maureen Traina, PA', 'Hunter Vittone, OD', 'Lori Vollmer, OD', 'Trisha Werner, OD', 'Callista Wlaschin, OD']
2025-06-03 20:34:50,725 - INFO - Found location-specific column at position 3, doctors start at 4
2025-06-03 20:34:50,725 - INFO - Detected 36 doctor columns in sheet 'Center for Sight': ['Tanuj Banker, MD (RETINA)', 'Shannon Bednarz, PA', 'Len Brown, OD', 'Brittany Coyle, OD', 'Elizabeth Davis, MD', 'Joaquin De Rojas, MD', 'John Fezza, MD (Oculoplastics)', 'Daniel Hadland, OD', 'Melissa Hammond, OD', 'Erin Hardie, OD', 'George Hurwitz, OD', 'Joshua Kim, MD', 'Kalie Kosek, PA', 'Todd Lang, OD', 'James Lenhart, OD', 'Lori Long, OD', 'Michael Maloney, OD', 'Priya Mathews, MD', 'Mary Mcvey, OD', 'David Mertzlufft, OD', 'Bradley Middaugh, OD', 'Patrick Nelson, OD', 'Joshua Newman, MD', 'Page Logan, OD', 'Charles Putrino, OD', 'Rachael Randolph, OD', 'Kyle Schaub, OD', 'David Shoemaker, MD', 'William Soscia, MD', 'Joseph Sowka, OD', 'Scott Stevens, OD', 'Maureen Traina, PA', 'Hunter Vittone, OD', 'Lori Vollmer, OD', 'Trisha Werner, OD', 'Callista Wlaschin, OD']
2025-06-03 20:34:50,726 - INFO - DEBUG: Adding for Joaquin De Rojas, MD with plan Aetna HealthFund- Aetna Health Network Only/ Network Option℠ (Open Access) - Status: PAR
2025-06-03 20:34:50,726 - INFO - DEBUG: Adding for Joaquin De Rojas, MD with plan Aetna Healthfund- Aetna Open Access Aetna Select/ Choice PPO / POS / POS II - Status: PAR
2025-06-03 20:34:50,727 - INFO - DEBUG: Adding for Joaquin De Rojas, MD with plan Aetna Healthfund- Aetna Open Access Elect Choice EPO - Status: PAR
2025-06-03 20:34:50,727 - INFO - DEBUG: Adding for Joaquin De Rojas, MD with plan Aetna Healthfund- Aetna Open Access Managed Choice POS - Status: PAR
2025-06-03 20:34:50,727 - INFO - DEBUG: Adding for Joaquin De Rojas, MD with plan Aetna Innovation - Innovation Health Aetna Select/National Advantage Program (NAP)/Innovataion Health Aetna POS/PPO - Status: PAR
2025-06-03 20:34:50,728 - INFO - DEBUG: Adding for Joaquin De Rojas, MD with plan Aetna Medicare - Advantra - Eagle, Elite, Gold (HMO-POS) - Status: PAR
2025-06-03 20:34:50,728 - INFO - DEBUG: Adding for Joaquin De Rojas, MD with plan Aetna Medicare - Credit Plan (PPO) - Status: PAR
2025-06-03 20:34:50,728 - INFO - DEBUG: Adding for Joaquin De Rojas, MD with plan Aetna Medicare - Credit/Discover/Discover Value Plan/Silver (HMO) - Status: PAR
2025-06-03 20:34:50,728 - INFO - DEBUG: Adding for Joaquin De Rojas, MD with plan Aetna Medicare - Select (HMO) - Status: Non-PAR
2025-06-03 20:34:50,729 - INFO - DEBUG: Adding for Joaquin De Rojas, MD with plan Aetna Medicare - Essential/ Essential Elite/ Essentials PPO - Status: PAR
2025-06-03 20:34:50,729 - INFO - DEBUG: Adding for Joaquin De Rojas, MD with plan Aetna Medicare - Preferred/ Preferred Premium PPO - Status: PAR
2025-06-03 20:34:50,729 - INFO - DEBUG: Adding for Joaquin De Rojas, MD with plan Aetna Medicare- Advantra Credit Value/ Advantra Gold/ Advtantra Silver/ Advantra Preferred/ Advantra Premier/ Advantra Premier Plus/ Advantra Value PPO - Status: PAR
2025-06-03 20:34:50,730 - INFO - DEBUG: Adding for Joaquin De Rojas, MD with plan Aetna Medicare- Bronze/ Gold/ Platinum/ Core/ Core Elite/ Deluxe/ Discover/ Discover Value Plan PPO - Status: PAR
2025-06-03 20:34:50,730 - INFO - DEBUG: Adding for Joaquin De Rojas, MD with plan Aetna Medicare- Dual Choice/ Dual Preferred Plan/ Dual Select Choice/ Dual Select Signature HMO D-SNP - Status: PAR
2025-06-03 20:34:50,730 - INFO - DEBUG: Adding for Joaquin De Rojas, MD with plan Aetna Medicare- Dual Choice/ Dual Preferred Plan/ Dual Select Choice/ Dual Select Signature PPO D-SNP - Status: PAR
2025-06-03 20:34:50,730 - INFO - DEBUG: Adding for Joaquin De Rojas, MD with plan Aetna Medicare- Eagle/ Eagle Giveback/ Eagle I & II/ Eagle Plus PPO - Status: PAR
2025-06-03 20:34:50,731 - INFO - DEBUG: Adding for Joaquin De Rojas, MD with plan Aetna Medicare- Elite/Elite Plan 3 PPO - Status: PAR
2025-06-03 20:34:50,731 - INFO - DEBUG: Adding for Joaquin De Rojas, MD with plan Aetna Medicare- Enhanced Select PPO - Status: PAR
2025-06-03 20:34:50,731 - INFO - DEBUG: Adding for Joaquin De Rojas, MD with plan Aetna Medicare- Explorer/ Explore Premier/ Explore Premier II PPO - Status: PAR
2025-06-03 20:34:50,731 - INFO - DEBUG: Adding for Joaquin De Rojas, MD with plan Aetna Medicare- Freedom/ Freedom Core/ Freedom Plus/ Freedom Preferred PPO - Status: PAR
2025-06-03 20:34:50,732 - INFO - DEBUG: Adding for Joaquin De Rojas, MD with plan Aetna Medicare- Giveback Choice/ Giveback Choice Plus PPO - Status: PAR
2025-06-03 20:34:50,732 - INFO - DEBUG: Adding for Joaquin De Rojas, MD with plan Aetna Medicare- Medicare Choice PPO - Status: PAR
2025-06-03 20:34:50,732 - INFO - DEBUG: Adding for Joaquin De Rojas, MD with plan Aetna Medicare- Premier/ Premier Regional/ Premier 1 & 2/ Premier Plus PPO - Status: PAR
2025-06-03 20:34:50,733 - INFO - DEBUG: Adding for Joaquin De Rojas, MD with plan Aetna Medicare- SmartFit/ SmartFit Plan PPO - Status: PAR
2025-06-03 20:34:50,733 - INFO - DEBUG: Adding for Joaquin De Rojas, MD with plan Aetna Medicare- SmartSaver Elite PPO - Status: PAR
2025-06-03 20:34:50,733 - INFO - DEBUG: Adding for Joaquin De Rojas, MD with plan Aetna Medicare- Value Plan/ Value Advantra/ Value Plus/ Value Plus Signature PPO - Status: PAR
2025-06-03 20:34:50,733 - INFO - DEBUG: Adding for Joaquin De Rojas, MD with plan Aetna Medicare-The Valley Plan PPO - Status: PAR
2025-06-03 20:34:50,734 - INFO - DEBUG: Adding for Joaquin De Rojas, MD with plan Aetna Open Access- Aetna Choice® POS II/ Elect Choice EPO - Status: PAR
2025-06-03 20:34:50,734 - INFO - DEBUG: Adding for Joaquin De Rojas, MD with plan Aetna Open Access- Aetna Health Network Only℠ - Status: PAR
2025-06-03 20:34:50,734 - INFO - DEBUG: Adding for Joaquin De Rojas, MD with plan Aetna Open Access- Aetna Health Network Option℠ - Status: PAR
2025-06-03 20:34:50,734 - INFO - DEBUG: Adding for Joaquin De Rojas, MD with plan Aetna Open Access- Aetna Managed Choice® POS - Status: PAR
2025-06-03 20:34:50,735 - INFO - DEBUG: Adding for Joaquin De Rojas, MD with plan Aetna Open Access- Aetna Select℠ - Status: PAR
2025-06-03 20:34:50,735 - INFO - DEBUG: Adding for Joaquin De Rojas, MD with plan Aetna Premier Care Network Plus- Choice POS II - Status: PAR
2025-06-03 20:34:50,735 - INFO - DEBUG: Adding for Joaquin De Rojas, MD with plan Aetna Premier Care Network Plus- Open Access Aetna Select - Status: PAR
2025-06-03 20:34:50,736 - INFO - DEBUG: Adding for Joaquin De Rojas, MD with plan Aetna Small Group Employer Plan- Aetna Florida Elect Choice Open Access (OAEPO) - Status: PAR
2025-06-03 20:34:50,736 - INFO - DEBUG: Adding for Joaquin De Rojas, MD with plan Aetna Small Group Employer Plan- Aetna Florida Health Network Only (HNOnly) - Status: PAR
2025-06-03 20:34:50,736 - INFO - DEBUG: Adding for Joaquin De Rojas, MD with plan Aetna Standard Plan- Aetna Affordable Health Choices® limited benefits insurance plan (SRC only) - Status: PAR
2025-06-03 20:34:50,736 - INFO - DEBUG: Adding for Joaquin De Rojas, MD with plan Aetna Standard Plan- Aetna HMO/ HMO Gold/ Silver - Status: PAR
2025-06-03 20:34:50,737 - INFO - DEBUG: Adding for Joaquin De Rojas, MD with plan Aetna Standard Plan- Aetna Managed Choice® POS - Status: PAR
2025-06-03 20:34:50,737 - INFO - DEBUG: Adding for Joaquin De Rojas, MD with plan Aetna Standard Plan- Aetna Open Choice® PPO - Status: PAR
2025-06-03 20:34:50,737 - INFO - DEBUG: Adding for Joaquin De Rojas, MD with plan Aetna Standard Plan- Aetna QPOS®/ Select/ Voluntary Plans - Status: PAR
2025-06-03 20:34:50,737 - INFO - DEBUG: Adding for Joaquin De Rojas, MD with plan Aetna Whole Health- Southwest Florida - Open Access Elect Choice/ Southwest Florida Open Access Aetna Select/ Southwest Florida Health Network Only - Status: PAR
2025-06-03 20:34:50,745 - INFO - DEBUG: Adding for Joaquin De Rojas, MD with plan Employee Benefits Management Services (EMBS) with Aetna Network - Status: PAR
2025-06-03 20:34:50,746 - INFO - DEBUG: Adding for Joaquin De Rojas, MD with plan First Health Network (through Aetna and/or PHP Network) PLEASE ASK THE PATIENT FOR THE HEALTH PLAN NAME ON THE CARD AND LOAD THE PLAN INTO NEXTGEN ACCORDING TO THEIR HEALTH PLAN - Status: PAR
2025-06-03 20:34:50,747 - INFO - DEBUG: Adding for Joaquin De Rojas, MD with plan Mailhandlers (Aetna Choice® POS II Network) - Status: PAR
2025-06-03 20:34:50,748 - INFO - DEBUG: Adding for Joaquin De Rojas, MD with plan Meritain Gulf Coast (Aetna Choice POS II Network) - Status: PAR
2025-06-03 20:34:50,757 - INFO - Processed 207 rows in sheet 'Center for Sight'
2025-06-03 20:34:50,757 - INFO - Processing sheet: Center for Sight-Naples
2025-06-03 20:34:50,910 - INFO - Headers in sheet 'Center for Sight-Naples': ['Insurance Plan Name', 'NextGen Name', 'Referral and/or Auth Required?', 'Is this plan only accepted at specific practice locations?', 'Jon Berlie, MD', 'George Brinnig-Jastrzebski, MD', 'Julie Carter, MD', 'Hunter Vittone, OD']
2025-06-03 20:34:50,910 - INFO - Found location-specific column at position 3, doctors start at 4
2025-06-03 20:34:50,910 - INFO - Detected 4 doctor columns in sheet 'Center for Sight-Naples': ['Jon Berlie, MD', 'George Brinnig-Jastrzebski, MD', 'Julie Carter, MD', 'Hunter Vittone, OD']
2025-06-03 20:34:50,923 - INFO - Processed 206 rows in sheet 'Center for Sight-Naples'
2025-06-03 20:34:50,923 - INFO - Processing sheet: Lake Eye 
2025-06-03 20:34:50,965 - INFO - Headers in sheet 'Lake Eye ': ['Insurance Plan Name', 'NextGen Name', 'Referral and/or Auth Required?', 'Christine Bui, OD', 'Vinay Gutti, MD', 'Mari Holderby, OD', 'Scot Holman, MD', 'Diba Ossareh, OD', 'Alexandria Rawls, OD', 'Jose Vazques-Diaz, MD', 'Scott Wehrly, MD']
2025-06-03 20:34:50,965 - INFO - Detected 8 doctor columns in sheet 'Lake Eye ': ['Christine Bui, OD', 'Vinay Gutti, MD', 'Mari Holderby, OD', 'Scot Holman, MD', 'Diba Ossareh, OD', 'Alexandria Rawls, OD', 'Jose Vazques-Diaz, MD', 'Scott Wehrly, MD']
2025-06-03 20:34:50,977 - INFO - Processed 181 rows in sheet 'Lake Eye '
2025-06-03 20:34:50,977 - INFO - Processing sheet: Retina Health Center
2025-06-03 20:34:51,005 - INFO - Headers in sheet 'Retina Health Center': ['Insurance Plan Name', 'NextGen Name', 'Referral and/or Auth Required?', 'Alexander Eaton, MD', 'Veronica Kon Graversen, MD']
2025-06-03 20:34:51,005 - INFO - Detected 2 doctor columns in sheet 'Retina Health Center': ['Alexander Eaton, MD', 'Veronica Kon Graversen, MD']
2025-06-03 20:34:51,015 - INFO - Processed 161 rows in sheet 'Retina Health Center'
2025-06-03 20:34:51,015 - INFO - Processing sheet: SW FL Eye
2025-06-03 20:34:51,053 - INFO - Headers in sheet 'SW FL Eye': ['Insurance Plan Name', 'NextGen Name', 'Referral and/or Auth Required?', 'Is this plan only accepted at specific practice locations?', 'Sarah Johnson, OD', 'Brian Marhue, OD', 'Penny Orr, OD', 'Albert Smolyar, MD', 'Hunter Vittone, OD']
2025-06-03 20:34:51,054 - INFO - Found location-specific column at position 3, doctors start at 4
2025-06-03 20:34:51,054 - INFO - Detected 5 doctor columns in sheet 'SW FL Eye': ['Sarah Johnson, OD', 'Brian Marhue, OD', 'Penny Orr, OD', 'Albert Smolyar, MD', 'Hunter Vittone, OD']
2025-06-03 20:34:51,065 - INFO - Processed 189 rows in sheet 'SW FL Eye'
2025-06-03 20:34:51,066 - INFO - Data extraction complete.
2025-06-03 20:34:51,066 - INFO - Generating Insurance Guide By Provider...
2025-06-03 20:34:51,080 - INFO - Generated Insurance_Guide_By_Provider.md
2025-06-03 20:34:51,080 - INFO - Generating Insurance Guide By Insurance...
2025-06-03 20:34:51,141 - INFO - Generated Insurance_Guide_By_Insurance.md
2025-06-03 20:34:51,141 - INFO - Generating FAQ section...
2025-06-03 20:34:51,147 - INFO - FAQ section appended to both main guide files.
2025-06-03 20:34:51,147 - INFO - Updating SUMMARY.md...
2025-06-03 20:34:51,148 - INFO - SUMMARY.md updated.
2025-06-03 20:34:51,148 - INFO - All guides generated successfully with no detected data issues.
